Change Component Designator: Old Designator=C1 New Designator=C2
Change Component Designator: Old Designator=C2 New Designator=C1
Change Component Designator: Old Designator=D1 New Designator=D2
Change Component Designator: Old Designator=D2 New Designator=D1
Change Component Designator: Old Designator=L3 New Designator=L4
Change Component Designator: Old Designator=L4 New Designator=L6
Change Component Designator: Old Designator=L5 New Designator=L8
Change Component Designator: Old Designator=L6 New Designator=L9
Change Component Designator: Old Designator=L7 New Designator=L3
Change Component Designator: Old Designator=L8 New Designator=L5
Change Component Designator: Old Designator=L9 New Designator=L7
Change Component Designator: Old Designator=R3 New Designator=R6
Change Component Designator: Old Designator=R4 New Designator=R7
Change Component Designator: Old Designator=R5 New Designator=R8
Change Component Designator: Old Designator=R6 New Designator=R10
Change Component Designator: Old Designator=R7 New Designator=R12
Change Component Designator: Old Designator=R8 New Designator=R13
Change Component Designator: Old Designator=R9 New Designator=R15
Change Component Designator: Old Designator=R10 New Designator=R16
Change Component Designator: Old Designator=R14 New Designator=R3
Change Component Designator: Old Designator=R15 New Designator=R4
Change Component Designator: Old Designator=R16 New Designator=R5
Change Component Designator: Old Designator=R17 New Designator=R9
Change Component Designator: Old Designator=R18 New Designator=R11
Change Component Designator: Old Designator=R19 New Designator=R14
Change Component Designator: Old Designator=U2 New Designator=U3
Change Component Designator: Old Designator=U4 New Designator=U2
