Change Component Designator: Old Designator=AMS1117-3.3V New Designator=AMS1
Change Component Designator: Old Designator=BT1 New Designator=BT4
Change Component Designator: Old Designator=BT2 New Designator=BT5
Change Component Designator: Old Designator=BT4 New Designator=BT1
Change Component Designator: Old Designator=BT5 New Designator=BT2
Change Component Designator: Old Designator=BT6 New Designator=BT3
Change Component Designator: Old Designator=C2 New Designator=C5
Change Component Designator: Old Designator=C3 New Designator=C6
Change Component Designator: Old Designator=C4 New Designator=C2
Change Component Designator: Old Designator=C5 New Designator=C3
Change Component Designator: Old Designator=C6 New Designator=C4
Change Component Designator: Old Designator=C7 New Designator=C9
Change Component Designator: Old Designator=C8 New Designator=C12
Change Component Designator: Old Designator=C9 New Designator=C7
Change Component Designator: Old Designator=C10 New Designator=C11
Change Component Designator: Old Designator=C11 New Designator=C8
Change Component Designator: Old Designator=C12 New Designator=C10
Change Component Designator: Old Designator=JP10 New Designator=JP1
Change Component Designator: Old Designator=JP11 New Designator=JP2
Change Component Designator: Old Designator=R1 New Designator=R7
Change Component Designator: Old Designator=R2 New Designator=R10
Change Component Designator: Old Designator=R6 New Designator=R1
Change Component Designator: Old Designator=R7 New Designator=R2
Change Component Designator: Old Designator=R8 New Designator=R3
Change Component Designator: Old Designator=R30 New Designator=R4
Change Component Designator: Old Designator=R31 New Designator=R5
Change Component Designator: Old Designator=R32 New Designator=R6
Change Component Designator: Old Designator=R33 New Designator=R8
Change Component Designator: Old Designator=R34 New Designator=R9
Change Component Designator: Old Designator=U3 New Designator=U2
